# JRE version: OpenJDK Runtime Environment Temurin-21.0.6+7 (21.0.6+7) (build 21.0.6+7-LTS)
# Java VM: OpenJDK 64-Bit Server VM Temurin-21.0.6+7 (21.0.6+7-LTS, mixed mode, sharing, tiered, compressed oops, compressed class ptrs, parallel gc, windows-amd64)
GC Precious Log:
 CardTable entry size: 512
 CPUs: 16 total, 16 available
 Memory: 16095M
 Large Page Support: Disabled
 NUMA Support: Disabled
 Compressed Oops: Enabled (32-bit)
 Alignments: Space 512K, Generation 512K, Heap 2M
 Heap Min Capacity: 100M
 Heap Initial Capacity: 100M
 Heap Max Capacity: 1G
 Pre-touch: Disabled
 Parallel Workers: 13
Heap:
 PSYoungGen      total 5120K, used 2830K [0x00000000eab00000, 0x00000000eb200000, 0x0000000100000000)
  eden space 4096K, 44% used [0x00000000eab00000,0x00000000eacd4ab0,0x00000000eaf00000)
  from space 1024K, 99% used [0x00000000eaf00000,0x00000000eaffe1a8,0x00000000eb000000)
  to   space 1536K, 0% used [0x00000000eb080000,0x00000000eb080000,0x00000000eb200000)
 ParOldGen       total 247808K, used 213347K [0x00000000c0000000, 0x00000000cf200000, 0x00000000eab00000)
  object space 247808K, 86% used [0x00000000c0000000,0x00000000cd058e50,0x00000000cf200000)
 Metaspace       used 58891K, committed 60224K, reserved 1114112K
  class space    used 6670K, committed 7232K, reserved 1048576K
GC Heap History (20 events):
Event: 33.627 GC heap after
{Heap after GC invocations=197 (full 2):
 PSYoungGen      total 4096K, used 975K [0x00000000eab00000, 0x00000000eb000000, 0x0000000100000000)
  eden space 3072K, 0% used [0x00000000eab00000,0x00000000eab00000,0x00000000eae00000)
  from space 1024K, 95% used [0x00000000eae00000,0x00000000eaef3d30,0x00000000eaf00000)
  to   space 1024K, 0% used [0x00000000eaf00000,0x00000000eaf00000,0x00000000eb000000)
 ParOldGen       total 243712K, used 243415K [0x00000000c0000000, 0x00000000cee00000, 0x00000000eab00000)
  object space 243712K, 99% used [0x00000000c0000000,0x00000000cedb5e00,0x00000000cee00000)
 Metaspace       used 58176K, committed 59520K, reserved 1114112K
  class space    used 6533K, committed 7104K, reserved 1048576K
}
Event: 33.637 GC heap before
{Heap before GC invocations=198 (full 2):
 PSYoungGen      total 4096K, used 4047K [0x00000000eab00000, 0x00000000eb000000, 0x0000000100000000)
  eden space 3072K, 99% used [0x00000000eab00000,0x00000000eadfffb0,0x00000000eae00000)
  from space 1024K, 95% used [0x00000000eae00000,0x00000000eaef3d30,0x00000000eaf00000)
  to   space 1024K, 0% used [0x00000000eaf00000,0x00000000eaf00000,0x00000000eb000000)
 ParOldGen       total 243712K, used 243415K [0x00000000c0000000, 0x00000000cee00000, 0x00000000eab00000)
  object space 243712K, 99% used [0x00000000c0000000,0x00000000cedb5e00,0x00000000cee00000)
 Metaspace       used 58197K, committed 59584K, reserved 1114112K
  class space    used 6538K, committed 7104K, reserved 1048576K
}
Event: 33.639 GC heap after
{Heap after GC invocations=198 (full 2):
 PSYoungGen      total 4096K, used 896K [0x00000000eab00000, 0x00000000eb000000, 0x0000000100000000)
  eden space 3072K, 0% used [0x00000000eab00000,0x00000000eab00000,0x00000000eae00000)
  from space 1024K, 87% used [0x00000000eaf00000,0x00000000eafe0010,0x00000000eb000000)
  to   space 1024K, 0% used [0x00000000eae00000,0x00000000eae00000,0x00000000eaf00000)
 ParOldGen       total 244224K, used 244161K [0x00000000c0000000, 0x00000000cee80000, 0x00000000eab00000)
  object space 244224K, 99% used [0x00000000c0000000,0x00000000cee70520,0x00000000cee80000)
 Metaspace       used 58197K, committed 59584K, reserved 1114112K
  class space    used 6538K, committed 7104K, reserved 1048576K
}
Event: 33.649 GC heap before
{Heap before GC invocations=199 (full 2):
 PSYoungGen      total 4096K, used 3968K [0x00000000eab00000, 0x00000000eb000000, 0x0000000100000000)
  eden space 3072K, 100% used [0x00000000eab00000,0x00000000eae00000,0x00000000eae00000)
  from space 1024K, 87% used [0x00000000eaf00000,0x00000000eafe0010,0x00000000eb000000)
  to   space 1024K, 0% used [0x00000000eae00000,0x00000000eae00000,0x00000000eaf00000)
 ParOldGen       total 244224K, used 244161K [0x00000000c0000000, 0x00000000cee80000, 0x00000000eab00000)
  object space 244224K, 99% used [0x00000000c0000000,0x00000000cee70520,0x00000000cee80000)
 Metaspace       used 58256K, committed 59584K, reserved 1114112K
  class space    used 6551K, committed 7104K, reserved 1048576K
}
Event: 33.650 GC heap after
{Heap after GC invocations=199 (full 2):
 PSYoungGen      total 4096K, used 753K [0x00000000eab00000, 0x00000000eb000000, 0x0000000100000000)
  eden space 3072K, 0% used [0x00000000eab00000,0x00000000eab00000,0x00000000eae00000)
  from space 1024K, 73% used [0x00000000eae00000,0x00000000eaebc4f8,0x00000000eaf00000)
  to   space 1024K, 0% used [0x00000000eaf00000,0x00000000eaf00000,0x00000000eb000000)
 ParOldGen       total 245248K, used 244894K [0x00000000c0000000, 0x00000000cef80000, 0x00000000eab00000)
  object space 245248K, 99% used [0x00000000c0000000,0x00000000cef27840,0x00000000cef80000)
 Metaspace       used 58256K, committed 59584K, reserved 1114112K
  class space    used 6551K, committed 7104K, reserved 1048576K
}
Event: 33.668 GC heap before
{Heap before GC invocations=200 (full 2):
 PSYoungGen      total 4096K, used 3824K [0x00000000eab00000, 0x00000000eb000000, 0x0000000100000000)
  eden space 3072K, 99% used [0x00000000eab00000,0x00000000eadffe88,0x00000000eae00000)
  from space 1024K, 73% used [0x00000000eae00000,0x00000000eaebc4f8,0x00000000eaf00000)
  to   space 1024K, 0% used [0x00000000eaf00000,0x00000000eaf00000,0x00000000eb000000)
 ParOldGen       total 245248K, used 244894K [0x00000000c0000000, 0x00000000cef80000, 0x00000000eab00000)
  object space 245248K, 99% used [0x00000000c0000000,0x00000000cef27840,0x00000000cef80000)
 Metaspace       used 58311K, committed 59648K, reserved 1114112K
  class space    used 6560K, committed 7104K, reserved 1048576K
}
Event: 33.670 GC heap after
{Heap after GC invocations=200 (full 2):
 PSYoungGen      total 4096K, used 704K [0x00000000eab00000, 0x00000000eb000000, 0x0000000100000000)
  eden space 3072K, 0% used [0x00000000eab00000,0x00000000eab00000,0x00000000eae00000)
  from space 1024K, 68% used [0x00000000eaf00000,0x00000000eafb0000,0x00000000eb000000)
  to   space 1024K, 0% used [0x00000000eae00000,0x00000000eae00000,0x00000000eaf00000)
 ParOldGen       total 245760K, used 245477K [0x00000000c0000000, 0x00000000cf000000, 0x00000000eab00000)
  object space 245760K, 99% used [0x00000000c0000000,0x00000000cefb9628,0x00000000cf000000)
 Metaspace       used 58311K, committed 59648K, reserved 1114112K
  class space    used 6560K, committed 7104K, reserved 1048576K
}
Event: 33.683 GC heap before
{Heap before GC invocations=201 (full 2):
 PSYoungGen      total 4096K, used 3775K [0x00000000eab00000, 0x00000000eb000000, 0x0000000100000000)
  eden space 3072K, 99% used [0x00000000eab00000,0x00000000eadfffd8,0x00000000eae00000)
  from space 1024K, 68% used [0x00000000eaf00000,0x00000000eafb0000,0x00000000eb000000)
  to   space 1024K, 0% used [0x00000000eae00000,0x00000000eae00000,0x00000000eaf00000)
 ParOldGen       total 245760K, used 245477K [0x00000000c0000000, 0x00000000cf000000, 0x00000000eab00000)
  object space 245760K, 99% used [0x00000000c0000000,0x00000000cefb9628,0x00000000cf000000)
 Metaspace       used 58357K, committed 59712K, reserved 1114112K
  class space    used 6565K, committed 7104K, reserved 1048576K
}
Event: 33.684 GC heap after
{Heap after GC invocations=201 (full 2):
 PSYoungGen      total 4096K, used 817K [0x00000000eab00000, 0x00000000eb000000, 0x0000000100000000)
  eden space 3072K, 0% used [0x00000000eab00000,0x00000000eab00000,0x00000000eae00000)
  from space 1024K, 79% used [0x00000000eae00000,0x00000000eaecc550,0x00000000eaf00000)
  to   space 1024K, 0% used [0x00000000eaf00000,0x00000000eaf00000,0x00000000eb000000)
 ParOldGen       total 246272K, used 246029K [0x00000000c0000000, 0x00000000cf080000, 0x00000000eab00000)
  object space 246272K, 99% used [0x00000000c0000000,0x00000000cf043618,0x00000000cf080000)
 Metaspace       used 58357K, committed 59712K, reserved 1114112K
  class space    used 6565K, committed 7104K, reserved 1048576K
}
Event: 33.700 GC heap before
{Heap before GC invocations=202 (full 2):
 PSYoungGen      total 4096K, used 3889K [0x00000000eab00000, 0x00000000eb000000, 0x0000000100000000)
  eden space 3072K, 100% used [0x00000000eab00000,0x00000000eae00000,0x00000000eae00000)
  from space 1024K, 79% used [0x00000000eae00000,0x00000000eaecc550,0x00000000eaf00000)
  to   space 1024K, 0% used [0x00000000eaf00000,0x00000000eaf00000,0x00000000eb000000)
 ParOldGen       total 246272K, used 246029K [0x00000000c0000000, 0x00000000cf080000, 0x00000000eab00000)
  object space 246272K, 99% used [0x00000000c0000000,0x00000000cf043618,0x00000000cf080000)
 Metaspace       used 58410K, committed 59712K, reserved 1114112K
  class space    used 6573K, committed 7104K, reserved 1048576K
}
Event: 33.702 GC heap after
{Heap after GC invocations=202 (full 2):
 PSYoungGen      total 4096K, used 732K [0x00000000eab00000, 0x00000000eb000000, 0x0000000100000000)
  eden space 3072K, 0% used [0x00000000eab00000,0x00000000eab00000,0x00000000eae00000)
  from space 1024K, 71% used [0x00000000eaf00000,0x00000000eafb7128,0x00000000eb000000)
  to   space 1024K, 0% used [0x00000000eae00000,0x00000000eae00000,0x00000000eaf00000)
 ParOldGen       total 246784K, used 246695K [0x00000000c0000000, 0x00000000cf100000, 0x00000000eab00000)
  object space 246784K, 99% used [0x00000000c0000000,0x00000000cf0e9cd0,0x00000000cf100000)
 Metaspace       used 58410K, committed 59712K, reserved 1114112K
  class space    used 6573K, committed 7104K, reserved 1048576K
}
Event: 33.711 GC heap before
{Heap before GC invocations=203 (full 2):
 PSYoungGen      total 4096K, used 2868K [0x00000000eab00000, 0x00000000eb000000, 0x0000000100000000)
  eden space 3072K, 69% used [0x00000000eab00000,0x00000000ead15f90,0x00000000eae00000)
  from space 1024K, 71% used [0x00000000eaf00000,0x00000000eafb7128,0x00000000eb000000)
  to   space 1024K, 0% used [0x00000000eae00000,0x00000000eae00000,0x00000000eaf00000)
 ParOldGen       total 246784K, used 246695K [0x00000000c0000000, 0x00000000cf100000, 0x00000000eab00000)
  object space 246784K, 99% used [0x00000000c0000000,0x00000000cf0e9cd0,0x00000000cf100000)
 Metaspace       used 58459K, committed 59776K, reserved 1114112K
  class space    used 6579K, committed 7104K, reserved 1048576K
}
Event: 33.712 GC heap after
{Heap after GC invocations=203 (full 2):
 PSYoungGen      total 4096K, used 544K [0x00000000eab00000, 0x00000000eb000000, 0x0000000100000000)
  eden space 3072K, 0% used [0x00000000eab00000,0x00000000eab00000,0x00000000eae00000)
  from space 1024K, 53% used [0x00000000eae00000,0x00000000eae88000,0x00000000eaf00000)
  to   space 1024K, 0% used [0x00000000eaf00000,0x00000000eaf00000,0x00000000eb000000)
 ParOldGen       total 247808K, used 247311K [0x00000000c0000000, 0x00000000cf200000, 0x00000000eab00000)
  object space 247808K, 99% used [0x00000000c0000000,0x00000000cf183c38,0x00000000cf200000)
 Metaspace       used 58459K, committed 59776K, reserved 1114112K
  class space    used 6579K, committed 7104K, reserved 1048576K
}
Event: 33.712 GC heap before
{Heap before GC invocations=204 (full 3):
 PSYoungGen      total 4096K, used 544K [0x00000000eab00000, 0x00000000eb000000, 0x0000000100000000)
  eden space 3072K, 0% used [0x00000000eab00000,0x00000000eab00000,0x00000000eae00000)
  from space 1024K, 53% used [0x00000000eae00000,0x00000000eae88000,0x00000000eaf00000)
  to   space 1024K, 0% used [0x00000000eaf00000,0x00000000eaf00000,0x00000000eb000000)
 ParOldGen       total 247808K, used 247311K [0x00000000c0000000, 0x00000000cf200000, 0x00000000eab00000)
  object space 247808K, 99% used [0x00000000c0000000,0x00000000cf183c38,0x00000000cf200000)
 Metaspace       used 58459K, committed 59776K, reserved 1114112K
  class space    used 6579K, committed 7104K, reserved 1048576K
}
Event: 33.973 GC heap after
{Heap after GC invocations=204 (full 3):
 PSYoungGen      total 4096K, used 0K [0x00000000eab00000, 0x00000000eb000000, 0x0000000100000000)
  eden space 3072K, 0% used [0x00000000eab00000,0x00000000eab00000,0x00000000eae00000)
  from space 1024K, 0% used [0x00000000eae00000,0x00000000eae00000,0x00000000eaf00000)
  to   space 1024K, 0% used [0x00000000eaf00000,0x00000000eaf00000,0x00000000eb000000)
 ParOldGen       total 247808K, used 210360K [0x00000000c0000000, 0x00000000cf200000, 0x00000000eab00000)
  object space 247808K, 84% used [0x00000000c0000000,0x00000000ccd6e058,0x00000000cf200000)
 Metaspace       used 58459K, committed 59776K, reserved 1114112K
  class space    used 6579K, committed 7104K, reserved 1048576K
}
Event: 33.983 GC heap before
{Heap before GC invocations=205 (full 3):
 PSYoungGen      total 4096K, used 3072K [0x00000000eab00000, 0x00000000eb000000, 0x0000000100000000)
  eden space 3072K, 100% used [0x00000000eab00000,0x00000000eae00000,0x00000000eae00000)
  from space 1024K, 0% used [0x00000000eae00000,0x00000000eae00000,0x00000000eaf00000)
  to   space 1024K, 0% used [0x00000000eaf00000,0x00000000eaf00000,0x00000000eb000000)
 ParOldGen       total 247808K, used 210360K [0x00000000c0000000, 0x00000000cf200000, 0x00000000eab00000)
  object space 247808K, 84% used [0x00000000c0000000,0x00000000ccd6e058,0x00000000cf200000)
 Metaspace       used 58486K, committed 59840K, reserved 1114112K
  class space    used 6587K, committed 7168K, reserved 1048576K
}
Event: 33.985 GC heap after
{Heap after GC invocations=205 (full 3):
 PSYoungGen      total 4096K, used 828K [0x00000000eab00000, 0x00000000eb000000, 0x0000000100000000)
  eden space 3072K, 0% used [0x00000000eab00000,0x00000000eab00000,0x00000000eae00000)
  from space 1024K, 80% used [0x00000000eaf00000,0x00000000eafcf320,0x00000000eb000000)
  to   space 1024K, 0% used [0x00000000eae00000,0x00000000eae00000,0x00000000eaf00000)
 ParOldGen       total 247808K, used 210360K [0x00000000c0000000, 0x00000000cf200000, 0x00000000eab00000)
  object space 247808K, 84% used [0x00000000c0000000,0x00000000ccd6e058,0x00000000cf200000)
 Metaspace       used 58486K, committed 59840K, reserved 1114112K
  class space    used 6587K, committed 7168K, reserved 1048576K
}
Event: 34.003 GC heap before
{Heap before GC invocations=206 (full 3):
 PSYoungGen      total 4096K, used 3900K [0x00000000eab00000, 0x00000000eb000000, 0x0000000100000000)
  eden space 3072K, 99% used [0x00000000eab00000,0x00000000eadfffd8,0x00000000eae00000)
  from space 1024K, 80% used [0x00000000eaf00000,0x00000000eafcf320,0x00000000eb000000)
  to   space 1024K, 0% used [0x00000000eae00000,0x00000000eae00000,0x00000000eaf00000)
 ParOldGen       total 247808K, used 210360K [0x00000000c0000000, 0x00000000cf200000, 0x00000000eab00000)
  object space 247808K, 84% used [0x00000000c0000000,0x00000000ccd6e058,0x00000000cf200000)
 Metaspace       used 58539K, committed 59904K, reserved 1114112K
  class space    used 6596K, committed 7168K, reserved 1048576K
}
Event: 34.005 GC heap after
{Heap after GC invocations=206 (full 3):
 PSYoungGen      total 4096K, used 928K [0x00000000eab00000, 0x00000000eb000000, 0x0000000100000000)
  eden space 3072K, 0% used [0x00000000eab00000,0x00000000eab00000,0x00000000eae00000)
  from space 1024K, 90% used [0x00000000eae00000,0x00000000eaee80a8,0x00000000eaf00000)
  to   space 1024K, 0% used [0x00000000eaf00000,0x00000000eaf00000,0x00000000eb000000)
 ParOldGen       total 247808K, used 211024K [0x00000000c0000000, 0x00000000cf200000, 0x00000000eab00000)
  object space 247808K, 85% used [0x00000000c0000000,0x00000000cce14248,0x00000000cf200000)
 Metaspace       used 58539K, committed 59904K, reserved 1114112K
  class space    used 6596K, committed 7168K, reserved 1048576K
}
Event: 34.022 GC heap before
{Heap before GC invocations=207 (full 3):
 PSYoungGen      total 4096K, used 4000K [0x00000000eab00000, 0x00000000eb000000, 0x0000000100000000)
  eden space 3072K, 100% used [0x00000000eab00000,0x00000000eae00000,0x00000000eae00000)
  from space 1024K, 90% used [0x00000000eae00000,0x00000000eaee80a8,0x00000000eaf00000)
  to   space 1024K, 0% used [0x00000000eaf00000,0x00000000eaf00000,0x00000000eb000000)
 ParOldGen       total 247808K, used 211024K [0x00000000c0000000, 0x00000000cf200000, 0x00000000eab00000)
  object space 247808K, 85% used [0x00000000c0000000,0x00000000cce14248,0x00000000cf200000)
 Metaspace       used 58615K, committed 59968K, reserved 1114112K
  class space    used 6609K, committed 7168K, reserved 1048576K
}

