# JRE version: OpenJDK Runtime Environment Temurin-17.0.14+7 (17.0.14+7) (build 17.0.14+7)
# Java VM: OpenJDK 64-Bit Server VM Temurin-17.0.14+7 (17.0.14+7, mixed mode, sharing, tiered, compressed oops, compressed class ptrs, g1 gc, windows-amd64)
GC Precious Log:
 CPUs: 16 total, 16 available
 Memory: 16095M
 Large Page Support: Disabled
 NUMA Support: Disabled
 Compressed Oops: Enabled (Zero based)
 Heap Region Size: 4M
 Heap Min Capacity: 8M
 Heap Initial Capacity: 252M
 Heap Max Capacity: 8G
 Pre-touch: Disabled
 Parallel Workers: 13
 Concurrent Workers: 3
 Concurrent Refinement Workers: 13
 Periodic GC: Disabled
Heap:
 garbage-first heap   total 688128K, used 315096K [0x0000000600000000, 0x0000000800000000)
  region size 4096K, 13 young (53248K), 5 survivors (20480K)
 Metaspace       used 188065K, committed 189440K, reserved 1245184K
  class space    used 23914K, committed 24576K, reserved 1048576K
GC Heap History (20 events):
Event: 3512.882 GC heap before
{Heap before GC invocations=42 (full 0):
 garbage-first heap   total 344064K, used 210787K [0x0000000600000000, 0x0000000800000000)
  region size 4096K, 4 young (16384K), 3 survivors (12288K)
 Metaspace       used 143797K, committed 144896K, reserved 1179648K
  class space    used 18565K, committed 19136K, reserved 1048576K
}
Event: 3512.889 GC heap after
{Heap after GC invocations=43 (full 0):
 garbage-first heap   total 344064K, used 189250K [0x0000000600000000, 0x0000000800000000)
  region size 4096K, 1 young (4096K), 1 survivors (4096K)
 Metaspace       used 143797K, committed 144896K, reserved 1179648K
  class space    used 18565K, committed 19136K, reserved 1048576K
}
Event: 3513.118 GC heap before
{Heap before GC invocations=43 (full 0):
 garbage-first heap   total 344064K, used 258882K [0x0000000600000000, 0x0000000800000000)
  region size 4096K, 18 young (73728K), 1 survivors (4096K)
 Metaspace       used 144007K, committed 145088K, reserved 1179648K
  class space    used 18565K, committed 19136K, reserved 1048576K
}
Event: 3513.124 GC heap after
{Heap after GC invocations=44 (full 0):
 garbage-first heap   total 344064K, used 196572K [0x0000000600000000, 0x0000000800000000)
  region size 4096K, 3 young (12288K), 3 survivors (12288K)
 Metaspace       used 144007K, committed 145088K, reserved 1179648K
  class space    used 18565K, committed 19136K, reserved 1048576K
}
Event: 3513.736 GC heap before
{Heap before GC invocations=44 (full 0):
 garbage-first heap   total 344064K, used 262108K [0x0000000600000000, 0x0000000800000000)
  region size 4096K, 19 young (77824K), 3 survivors (12288K)
 Metaspace       used 144367K, committed 145408K, reserved 1179648K
  class space    used 18596K, committed 19136K, reserved 1048576K
}
Event: 3513.741 GC heap after
{Heap after GC invocations=45 (full 0):
 garbage-first heap   total 344064K, used 203181K [0x0000000600000000, 0x0000000800000000)
  region size 4096K, 2 young (8192K), 2 survivors (8192K)
 Metaspace       used 144367K, committed 145408K, reserved 1179648K
  class space    used 18596K, committed 19136K, reserved 1048576K
}
Event: 3514.213 GC heap before
{Heap before GC invocations=45 (full 0):
 garbage-first heap   total 344064K, used 268717K [0x0000000600000000, 0x0000000800000000)
  region size 4096K, 18 young (73728K), 2 survivors (8192K)
 Metaspace       used 144853K, committed 145856K, reserved 1179648K
  class space    used 18619K, committed 19136K, reserved 1048576K
}
Event: 3514.223 GC heap after
{Heap after GC invocations=46 (full 0):
 garbage-first heap   total 344064K, used 210154K [0x0000000600000000, 0x0000000800000000)
  region size 4096K, 3 young (12288K), 3 survivors (12288K)
 Metaspace       used 144853K, committed 145856K, reserved 1179648K
  class space    used 18619K, committed 19136K, reserved 1048576K
}
Event: 3515.017 GC heap before
{Heap before GC invocations=46 (full 0):
 garbage-first heap   total 344064K, used 267498K [0x0000000600000000, 0x0000000800000000)
  region size 4096K, 18 young (73728K), 3 survivors (12288K)
 Metaspace       used 148831K, committed 149952K, reserved 1179648K
  class space    used 19025K, committed 19584K, reserved 1048576K
}
Event: 3515.023 GC heap after
{Heap after GC invocations=47 (full 0):
 garbage-first heap   total 688128K, used 217790K [0x0000000600000000, 0x0000000800000000)
  region size 4096K, 2 young (8192K), 2 survivors (8192K)
 Metaspace       used 148831K, committed 149952K, reserved 1179648K
  class space    used 19025K, committed 19584K, reserved 1048576K
}
Event: 3518.237 GC heap before
{Heap before GC invocations=47 (full 0):
 garbage-first heap   total 688128K, used 492222K [0x0000000600000000, 0x0000000800000000)
  region size 4096K, 68 young (278528K), 2 survivors (8192K)
 Metaspace       used 162845K, committed 164032K, reserved 1245184K
  class space    used 20918K, committed 21504K, reserved 1048576K
}
Event: 3518.246 GC heap after
{Heap after GC invocations=48 (full 0):
 garbage-first heap   total 688128K, used 238728K [0x0000000600000000, 0x0000000800000000)
  region size 4096K, 6 young (24576K), 6 survivors (24576K)
 Metaspace       used 162845K, committed 164032K, reserved 1245184K
  class space    used 20918K, committed 21504K, reserved 1048576K
}
Event: 3520.823 GC heap before
{Heap before GC invocations=48 (full 0):
 garbage-first heap   total 688128K, used 517256K [0x0000000600000000, 0x0000000800000000)
  region size 4096K, 75 young (307200K), 6 survivors (24576K)
 Metaspace       used 163702K, committed 164864K, reserved 1245184K
  class space    used 20960K, committed 21568K, reserved 1048576K
}
Event: 3520.838 GC heap after
{Heap after GC invocations=49 (full 0):
 garbage-first heap   total 688128K, used 251647K [0x0000000600000000, 0x0000000800000000)
  region size 4096K, 8 young (32768K), 8 survivors (32768K)
 Metaspace       used 163702K, committed 164864K, reserved 1245184K
  class space    used 20960K, committed 21568K, reserved 1048576K
}
Event: 3525.779 GC heap before
{Heap before GC invocations=49 (full 0):
 garbage-first heap   total 688128K, used 562943K [0x0000000600000000, 0x0000000800000000)
  region size 4096K, 77 young (315392K), 8 survivors (32768K)
 Metaspace       used 169998K, committed 171200K, reserved 1245184K
  class space    used 21451K, committed 22080K, reserved 1048576K
}
Event: 3525.798 GC heap after
{Heap after GC invocations=50 (full 0):
 garbage-first heap   total 688128K, used 281349K [0x0000000600000000, 0x0000000800000000)
  region size 4096K, 10 young (40960K), 10 survivors (40960K)
 Metaspace       used 169998K, committed 171200K, reserved 1245184K
  class space    used 21451K, committed 22080K, reserved 1048576K
}
Event: 3527.701 GC heap before
{Heap before GC invocations=50 (full 0):
 garbage-first heap   total 688128K, used 539397K [0x0000000600000000, 0x0000000800000000)
  region size 4096K, 73 young (299008K), 10 survivors (40960K)
 Metaspace       used 170319K, committed 171584K, reserved 1245184K
  class space    used 21462K, committed 22080K, reserved 1048576K
}
Event: 3527.715 GC heap after
{Heap after GC invocations=51 (full 0):
 garbage-first heap   total 688128K, used 297696K [0x0000000600000000, 0x0000000800000000)
  region size 4096K, 5 young (20480K), 5 survivors (20480K)
 Metaspace       used 170319K, committed 171584K, reserved 1245184K
  class space    used 21462K, committed 22080K, reserved 1048576K
}
Event: 3530.846 GC heap before
{Heap before GC invocations=51 (full 0):
 garbage-first heap   total 688128K, used 551648K [0x0000000600000000, 0x0000000800000000)
  region size 4096K, 67 young (274432K), 5 survivors (20480K)
 Metaspace       used 183492K, committed 184768K, reserved 1245184K
  class space    used 23397K, committed 24000K, reserved 1048576K
}
Event: 3530.853 GC heap after
{Heap after GC invocations=52 (full 0):
 garbage-first heap   total 688128K, used 286424K [0x0000000600000000, 0x0000000800000000)
  region size 4096K, 5 young (20480K), 5 survivors (20480K)
 Metaspace       used 183492K, committed 184768K, reserved 1245184K
  class space    used 23397K, committed 24000K, reserved 1048576K
}

