# JRE version: OpenJDK Runtime Environment Temurin-21.0.6+7 (21.0.6+7) (build 21.0.6+7-LTS)
# Java VM: OpenJDK 64-Bit Server VM Temurin-21.0.6+7 (21.0.6+7-LTS, mixed mode, sharing, tiered, compressed oops, compressed class ptrs, parallel gc, windows-amd64)
GC Precious Log:
 CardTable entry size: 512
 CPUs: 16 total, 16 available
 Memory: 16095M
 Large Page Support: Disabled
 NUMA Support: Disabled
 Compressed Oops: Enabled (32-bit)
 Alignments: Space 512K, Generation 512K, Heap 2M
 Heap Min Capacity: 100M
 Heap Initial Capacity: 100M
 Heap Max Capacity: 1G
 Pre-touch: Disabled
 Parallel Workers: 13
Heap:
 PSYoungGen      total 23040K, used 19412K [0x00000000eab00000, 0x00000000ec700000, 0x0000000100000000)
  eden space 22016K, 83% used [0x00000000eab00000,0x00000000ebcf92d0,0x00000000ec080000)
  from space 1024K, 98% used [0x00000000ec600000,0x00000000ec6fc010,0x00000000ec700000)
  to   space 1536K, 0% used [0x00000000ec400000,0x00000000ec400000,0x00000000ec580000)
 ParOldGen       total 68608K, used 18097K [0x00000000c0000000, 0x00000000c4300000, 0x00000000eab00000)
  object space 68608K, 26% used [0x00000000c0000000,0x00000000c11ac6c0,0x00000000c4300000)
 Metaspace       used 37892K, committed 38976K, reserved 1114112K
  class space    used 3870K, committed 4352K, reserved 1048576K
GC Heap History (20 events):
Event: 4.586 GC heap before
{Heap before GC invocations=7 (full 0):
 PSYoungGen      total 29184K, used 22636K [0x00000000eab00000, 0x00000000ecd80000, 0x0000000100000000)
  eden space 24576K, 75% used [0x00000000eab00000,0x00000000ebd0dec8,0x00000000ec300000)
  from space 4608K, 90% used [0x00000000ec900000,0x00000000ecd0d338,0x00000000ecd80000)
  to   space 4608K, 0% used [0x00000000ec480000,0x00000000ec480000,0x00000000ec900000)
 ParOldGen       total 68608K, used 7878K [0x00000000c0000000, 0x00000000c4300000, 0x00000000eab00000)
  object space 68608K, 11% used [0x00000000c0000000,0x00000000c07b1b20,0x00000000c4300000)
 Metaspace       used 20813K, committed 21504K, reserved 1114112K
  class space    used 2086K, committed 2368K, reserved 1048576K
}
Event: 4.591 GC heap after
{Heap after GC invocations=7 (full 0):
 PSYoungGen      total 29184K, used 4348K [0x00000000eab00000, 0x00000000ecc00000, 0x0000000100000000)
  eden space 24576K, 0% used [0x00000000eab00000,0x00000000eab00000,0x00000000ec300000)
  from space 4608K, 94% used [0x00000000ec480000,0x00000000ec8bf110,0x00000000ec900000)
  to   space 3072K, 0% used [0x00000000ec900000,0x00000000ec900000,0x00000000ecc00000)
 ParOldGen       total 68608K, used 9095K [0x00000000c0000000, 0x00000000c4300000, 0x00000000eab00000)
  object space 68608K, 13% used [0x00000000c0000000,0x00000000c08e1c48,0x00000000c4300000)
 Metaspace       used 20813K, committed 21504K, reserved 1114112K
  class space    used 2086K, committed 2368K, reserved 1048576K
}
Event: 4.591 GC heap before
{Heap before GC invocations=8 (full 1):
 PSYoungGen      total 29184K, used 4348K [0x00000000eab00000, 0x00000000ecc00000, 0x0000000100000000)
  eden space 24576K, 0% used [0x00000000eab00000,0x00000000eab00000,0x00000000ec300000)
  from space 4608K, 94% used [0x00000000ec480000,0x00000000ec8bf110,0x00000000ec900000)
  to   space 3072K, 0% used [0x00000000ec900000,0x00000000ec900000,0x00000000ecc00000)
 ParOldGen       total 68608K, used 9095K [0x00000000c0000000, 0x00000000c4300000, 0x00000000eab00000)
  object space 68608K, 13% used [0x00000000c0000000,0x00000000c08e1c48,0x00000000c4300000)
 Metaspace       used 20813K, committed 21504K, reserved 1114112K
  class space    used 2086K, committed 2368K, reserved 1048576K
}
Event: 4.636 GC heap after
{Heap after GC invocations=8 (full 1):
 PSYoungGen      total 29184K, used 0K [0x00000000eab00000, 0x00000000ecc00000, 0x0000000100000000)
  eden space 24576K, 0% used [0x00000000eab00000,0x00000000eab00000,0x00000000ec300000)
  from space 4608K, 0% used [0x00000000ec480000,0x00000000ec480000,0x00000000ec900000)
  to   space 3072K, 0% used [0x00000000ec900000,0x00000000ec900000,0x00000000ecc00000)
 ParOldGen       total 68608K, used 12710K [0x00000000c0000000, 0x00000000c4300000, 0x00000000eab00000)
  object space 68608K, 18% used [0x00000000c0000000,0x00000000c0c69948,0x00000000c4300000)
 Metaspace       used 20800K, committed 21504K, reserved 1114112K
  class space    used 2083K, committed 2368K, reserved 1048576K
}
Event: 4.925 GC heap before
{Heap before GC invocations=9 (full 1):
 PSYoungGen      total 29184K, used 24574K [0x00000000eab00000, 0x00000000ecc00000, 0x0000000100000000)
  eden space 24576K, 99% used [0x00000000eab00000,0x00000000ec2ffae0,0x00000000ec300000)
  from space 4608K, 0% used [0x00000000ec480000,0x00000000ec480000,0x00000000ec900000)
  to   space 3072K, 0% used [0x00000000ec900000,0x00000000ec900000,0x00000000ecc00000)
 ParOldGen       total 68608K, used 12710K [0x00000000c0000000, 0x00000000c4300000, 0x00000000eab00000)
  object space 68608K, 18% used [0x00000000c0000000,0x00000000c0c69948,0x00000000c4300000)
 Metaspace       used 23463K, committed 24256K, reserved 1114112K
  class space    used 2245K, committed 2560K, reserved 1048576K
}
Event: 4.927 GC heap after
{Heap after GC invocations=9 (full 1):
 PSYoungGen      total 25088K, used 646K [0x00000000eab00000, 0x00000000eca00000, 0x0000000100000000)
  eden space 24064K, 0% used [0x00000000eab00000,0x00000000eab00000,0x00000000ec280000)
  from space 1024K, 63% used [0x00000000ec900000,0x00000000ec9a19c8,0x00000000eca00000)
  to   space 2048K, 0% used [0x00000000ec600000,0x00000000ec600000,0x00000000ec800000)
 ParOldGen       total 68608K, used 12718K [0x00000000c0000000, 0x00000000c4300000, 0x00000000eab00000)
  object space 68608K, 18% used [0x00000000c0000000,0x00000000c0c6b948,0x00000000c4300000)
 Metaspace       used 23463K, committed 24256K, reserved 1114112K
  class space    used 2245K, committed 2560K, reserved 1048576K
}
Event: 5.234 GC heap before
{Heap before GC invocations=10 (full 1):
 PSYoungGen      total 25088K, used 24710K [0x00000000eab00000, 0x00000000eca00000, 0x0000000100000000)
  eden space 24064K, 100% used [0x00000000eab00000,0x00000000ec280000,0x00000000ec280000)
  from space 1024K, 63% used [0x00000000ec900000,0x00000000ec9a19c8,0x00000000eca00000)
  to   space 2048K, 0% used [0x00000000ec600000,0x00000000ec600000,0x00000000ec800000)
 ParOldGen       total 68608K, used 12718K [0x00000000c0000000, 0x00000000c4300000, 0x00000000eab00000)
  object space 68608K, 18% used [0x00000000c0000000,0x00000000c0c6b948,0x00000000c4300000)
 Metaspace       used 26352K, committed 27072K, reserved 1114112K
  class space    used 2472K, committed 2752K, reserved 1048576K
}
Event: 5.237 GC heap after
{Heap after GC invocations=10 (full 1):
 PSYoungGen      total 25600K, used 1568K [0x00000000eab00000, 0x00000000ec980000, 0x0000000100000000)
  eden space 23552K, 0% used [0x00000000eab00000,0x00000000eab00000,0x00000000ec200000)
  from space 2048K, 76% used [0x00000000ec600000,0x00000000ec788348,0x00000000ec800000)
  to   space 1536K, 0% used [0x00000000ec800000,0x00000000ec800000,0x00000000ec980000)
 ParOldGen       total 68608K, used 13499K [0x00000000c0000000, 0x00000000c4300000, 0x00000000eab00000)
  object space 68608K, 19% used [0x00000000c0000000,0x00000000c0d2ee58,0x00000000c4300000)
 Metaspace       used 26352K, committed 27072K, reserved 1114112K
  class space    used 2472K, committed 2752K, reserved 1048576K
}
Event: 5.656 GC heap before
{Heap before GC invocations=11 (full 1):
 PSYoungGen      total 25600K, used 25120K [0x00000000eab00000, 0x00000000ec980000, 0x0000000100000000)
  eden space 23552K, 100% used [0x00000000eab00000,0x00000000ec200000,0x00000000ec200000)
  from space 2048K, 76% used [0x00000000ec600000,0x00000000ec788348,0x00000000ec800000)
  to   space 1536K, 0% used [0x00000000ec800000,0x00000000ec800000,0x00000000ec980000)
 ParOldGen       total 68608K, used 13499K [0x00000000c0000000, 0x00000000c4300000, 0x00000000eab00000)
  object space 68608K, 19% used [0x00000000c0000000,0x00000000c0d2ee58,0x00000000c4300000)
 Metaspace       used 28514K, committed 29376K, reserved 1114112K
  class space    used 2667K, committed 3008K, reserved 1048576K
}
Event: 5.659 GC heap after
{Heap after GC invocations=11 (full 1):
 PSYoungGen      total 24576K, used 1523K [0x00000000eab00000, 0x00000000ec980000, 0x0000000100000000)
  eden space 23040K, 0% used [0x00000000eab00000,0x00000000eab00000,0x00000000ec180000)
  from space 1536K, 99% used [0x00000000ec800000,0x00000000ec97cdf8,0x00000000ec980000)
  to   space 3072K, 0% used [0x00000000ec380000,0x00000000ec380000,0x00000000ec680000)
 ParOldGen       total 68608K, used 14553K [0x00000000c0000000, 0x00000000c4300000, 0x00000000eab00000)
  object space 68608K, 21% used [0x00000000c0000000,0x00000000c0e36560,0x00000000c4300000)
 Metaspace       used 28514K, committed 29376K, reserved 1114112K
  class space    used 2667K, committed 3008K, reserved 1048576K
}
Event: 6.185 GC heap before
{Heap before GC invocations=12 (full 1):
 PSYoungGen      total 24576K, used 24563K [0x00000000eab00000, 0x00000000ec980000, 0x0000000100000000)
  eden space 23040K, 100% used [0x00000000eab00000,0x00000000ec180000,0x00000000ec180000)
  from space 1536K, 99% used [0x00000000ec800000,0x00000000ec97cdf8,0x00000000ec980000)
  to   space 3072K, 0% used [0x00000000ec380000,0x00000000ec380000,0x00000000ec680000)
 ParOldGen       total 68608K, used 14553K [0x00000000c0000000, 0x00000000c4300000, 0x00000000eab00000)
  object space 68608K, 21% used [0x00000000c0000000,0x00000000c0e36560,0x00000000c4300000)
 Metaspace       used 31687K, committed 32768K, reserved 1114112K
  class space    used 3055K, committed 3520K, reserved 1048576K
}
Event: 6.188 GC heap after
{Heap after GC invocations=12 (full 1):
 PSYoungGen      total 25600K, used 1733K [0x00000000eab00000, 0x00000000ec880000, 0x0000000100000000)
  eden space 22528K, 0% used [0x00000000eab00000,0x00000000eab00000,0x00000000ec100000)
  from space 3072K, 56% used [0x00000000ec380000,0x00000000ec531428,0x00000000ec680000)
  to   space 2048K, 0% used [0x00000000ec680000,0x00000000ec680000,0x00000000ec880000)
 ParOldGen       total 68608K, used 15959K [0x00000000c0000000, 0x00000000c4300000, 0x00000000eab00000)
  object space 68608K, 23% used [0x00000000c0000000,0x00000000c0f95cf0,0x00000000c4300000)
 Metaspace       used 31687K, committed 32768K, reserved 1114112K
  class space    used 3055K, committed 3520K, reserved 1048576K
}
Event: 6.688 GC heap before
{Heap before GC invocations=13 (full 1):
 PSYoungGen      total 25600K, used 24261K [0x00000000eab00000, 0x00000000ec880000, 0x0000000100000000)
  eden space 22528K, 100% used [0x00000000eab00000,0x00000000ec100000,0x00000000ec100000)
  from space 3072K, 56% used [0x00000000ec380000,0x00000000ec531428,0x00000000ec680000)
  to   space 2048K, 0% used [0x00000000ec680000,0x00000000ec680000,0x00000000ec880000)
 ParOldGen       total 68608K, used 15959K [0x00000000c0000000, 0x00000000c4300000, 0x00000000eab00000)
  object space 68608K, 23% used [0x00000000c0000000,0x00000000c0f95cf0,0x00000000c4300000)
 Metaspace       used 34618K, committed 35648K, reserved 1114112K
  class space    used 3450K, committed 3904K, reserved 1048576K
}
Event: 6.691 GC heap after
{Heap after GC invocations=13 (full 1):
 PSYoungGen      total 24064K, used 1552K [0x00000000eab00000, 0x00000000ec880000, 0x0000000100000000)
  eden space 22016K, 0% used [0x00000000eab00000,0x00000000eab00000,0x00000000ec080000)
  from space 2048K, 75% used [0x00000000ec680000,0x00000000ec804010,0x00000000ec880000)
  to   space 2048K, 0% used [0x00000000ec480000,0x00000000ec480000,0x00000000ec680000)
 ParOldGen       total 68608K, used 17177K [0x00000000c0000000, 0x00000000c4300000, 0x00000000eab00000)
  object space 68608K, 25% used [0x00000000c0000000,0x00000000c10c6530,0x00000000c4300000)
 Metaspace       used 34618K, committed 35648K, reserved 1114112K
  class space    used 3450K, committed 3904K, reserved 1048576K
}
Event: 6.804 GC heap before
{Heap before GC invocations=14 (full 1):
 PSYoungGen      total 24064K, used 3691K [0x00000000eab00000, 0x00000000ec880000, 0x0000000100000000)
  eden space 22016K, 9% used [0x00000000eab00000,0x00000000ead16c58,0x00000000ec080000)
  from space 2048K, 75% used [0x00000000ec680000,0x00000000ec804010,0x00000000ec880000)
  to   space 2048K, 0% used [0x00000000ec480000,0x00000000ec480000,0x00000000ec680000)
 ParOldGen       total 68608K, used 17177K [0x00000000c0000000, 0x00000000c4300000, 0x00000000eab00000)
  object space 68608K, 25% used [0x00000000c0000000,0x00000000c10c6530,0x00000000c4300000)
 Metaspace       used 34834K, committed 35840K, reserved 1114112K
  class space    used 3485K, committed 3968K, reserved 1048576K
}
Event: 6.807 GC heap after
{Heap after GC invocations=14 (full 1):
 PSYoungGen      total 22528K, used 384K [0x00000000eab00000, 0x00000000ec700000, 0x0000000100000000)
  eden space 22016K, 0% used [0x00000000eab00000,0x00000000eab00000,0x00000000ec080000)
  from space 512K, 75% used [0x00000000ec480000,0x00000000ec4e0000,0x00000000ec500000)
  to   space 1024K, 0% used [0x00000000ec600000,0x00000000ec600000,0x00000000ec700000)
 ParOldGen       total 68608K, used 18529K [0x00000000c0000000, 0x00000000c4300000, 0x00000000eab00000)
  object space 68608K, 27% used [0x00000000c0000000,0x00000000c1218570,0x00000000c4300000)
 Metaspace       used 34834K, committed 35840K, reserved 1114112K
  class space    used 3485K, committed 3968K, reserved 1048576K
}
Event: 6.807 GC heap before
{Heap before GC invocations=15 (full 2):
 PSYoungGen      total 22528K, used 384K [0x00000000eab00000, 0x00000000ec700000, 0x0000000100000000)
  eden space 22016K, 0% used [0x00000000eab00000,0x00000000eab00000,0x00000000ec080000)
  from space 512K, 75% used [0x00000000ec480000,0x00000000ec4e0000,0x00000000ec500000)
  to   space 1024K, 0% used [0x00000000ec600000,0x00000000ec600000,0x00000000ec700000)
 ParOldGen       total 68608K, used 18529K [0x00000000c0000000, 0x00000000c4300000, 0x00000000eab00000)
  object space 68608K, 27% used [0x00000000c0000000,0x00000000c1218570,0x00000000c4300000)
 Metaspace       used 34834K, committed 35840K, reserved 1114112K
  class space    used 3485K, committed 3968K, reserved 1048576K
}
Event: 6.848 GC heap after
{Heap after GC invocations=15 (full 2):
 PSYoungGen      total 22528K, used 0K [0x00000000eab00000, 0x00000000ec700000, 0x0000000100000000)
  eden space 22016K, 0% used [0x00000000eab00000,0x00000000eab00000,0x00000000ec080000)
  from space 512K, 0% used [0x00000000ec480000,0x00000000ec480000,0x00000000ec500000)
  to   space 1024K, 0% used [0x00000000ec600000,0x00000000ec600000,0x00000000ec700000)
 ParOldGen       total 68608K, used 18081K [0x00000000c0000000, 0x00000000c4300000, 0x00000000eab00000)
  object space 68608K, 26% used [0x00000000c0000000,0x00000000c11a86c0,0x00000000c4300000)
 Metaspace       used 34834K, committed 35840K, reserved 1114112K
  class space    used 3485K, committed 3968K, reserved 1048576K
}
Event: 7.550 GC heap before
{Heap before GC invocations=16 (full 2):
 PSYoungGen      total 22528K, used 22016K [0x00000000eab00000, 0x00000000ec700000, 0x0000000100000000)
  eden space 22016K, 100% used [0x00000000eab00000,0x00000000ec080000,0x00000000ec080000)
  from space 512K, 0% used [0x00000000ec480000,0x00000000ec480000,0x00000000ec500000)
  to   space 1024K, 0% used [0x00000000ec600000,0x00000000ec600000,0x00000000ec700000)
 ParOldGen       total 68608K, used 18081K [0x00000000c0000000, 0x00000000c4300000, 0x00000000eab00000)
  object space 68608K, 26% used [0x00000000c0000000,0x00000000c11a86c0,0x00000000c4300000)
 Metaspace       used 36502K, committed 37568K, reserved 1114112K
  class space    used 3703K, committed 4160K, reserved 1048576K
}
Event: 7.552 GC heap after
{Heap after GC invocations=16 (full 2):
 PSYoungGen      total 23040K, used 1008K [0x00000000eab00000, 0x00000000ec700000, 0x0000000100000000)
  eden space 22016K, 0% used [0x00000000eab00000,0x00000000eab00000,0x00000000ec080000)
  from space 1024K, 98% used [0x00000000ec600000,0x00000000ec6fc010,0x00000000ec700000)
  to   space 1536K, 0% used [0x00000000ec400000,0x00000000ec400000,0x00000000ec580000)
 ParOldGen       total 68608K, used 18097K [0x00000000c0000000, 0x00000000c4300000, 0x00000000eab00000)
  object space 68608K, 26% used [0x00000000c0000000,0x00000000c11ac6c0,0x00000000c4300000)
 Metaspace       used 36502K, committed 37568K, reserved 1114112K
  class space    used 3703K, committed 4160K, reserved 1048576K
}

